<?xml version="1.0" encoding="UTF-8"?>
<!-- Generated by org.testng.reporters.JUnitReportReporter -->
<testsuite hostname="DESKTOP-F52EDBA" failures="0" tests="3" name="testNG.EnabledPracticeTest" time="0.015" errors="0" timestamp="2022-12-27T14:32:39 IST" skipped="1">
  <testcase classname="testNG.EnabledPracticeTest" name="a" time="0.013"/>
  <system-out>
    <![CDATA[test a]]>
  </system-out>
  <testcase classname="testNG.EnabledPracticeTest" name="c" time="0.002"/>
  <system-out>
    <![CDATA[test c]]>
  </system-out>
  <testcase classname="testNG.EnabledPracticeTest" name="b">
    <skipped/>
  </testcase> <!-- b -->
  <system-out/>
</testsuite> <!-- testNG.EnabledPracticeTest -->
