<?xml version="1.0" encoding="UTF-8"?>
<!-- Generated by org.testng.reporters.JUnitReportReporter -->
<testsuite hostname="DESKTOP-F52EDBA" failures="0" tests="1" name="javascriptExecutor.RefreshPage" time="26.232" errors="0" timestamp="2022-12-19T15:30:59 IST" skipped="0">
  <testcase classname="javascriptExecutor.RefreshPage" name="demo" time="26.232"/>
  <system-out/>
</testsuite> <!-- javascriptExecutor.RefreshPage -->
