<?xml version="1.0" encoding="UTF-8"?>
<!-- Generated by org.testng.reporters.JUnitReportReporter -->
<testsuite hostname="DESKTOP-F52EDBA" failures="0" tests="1" name="chromeoptions.AllowMediaAccess" time="11.980" errors="0" timestamp="2022-12-20T15:30:34 IST" skipped="0">
  <testcase classname="chromeoptions.AllowMediaAccess" name="demo" time="11.980"/>
  <system-out/>
</testsuite> <!-- chromeoptions.AllowMediaAccess -->
