<?xml version="1.0" encoding="UTF-8"?>
<!-- Generated by org.testng.reporters.JUnitReportReporter -->
<testsuite hostname="DESKTOP-F52EDBA" failures="0" tests="1" name="batchExecution.FirstTest" time="0.013" errors="0" timestamp="2022-12-27T15:07:14 IST" skipped="0">
  <testcase classname="batchExecution.FirstTest" name="firstTest" time="0.013"/>
  <system-out>
    <![CDATA[First test]]>
  </system-out>
</testsuite> <!-- batchExecution.FirstTest -->
