<?xml version="1.0" encoding="UTF-8"?>
<!-- Generated by org.testng.reporters.JUnitReportReporter -->
<testsuite hostname="DESKTOP-F52EDBA" failures="0" tests="1" name="javascriptExecutor.HandlingDisabledElement" time="12.591" errors="0" timestamp="2022-12-20T14:40:46 IST" skipped="0">
  <testcase classname="javascriptExecutor.HandlingDisabledElement" name="demo" time="12.591"/>
  <system-out/>
</testsuite> <!-- javascriptExecutor.HandlingDisabledElement -->
