<?xml version="1.0" encoding="UTF-8"?>
<!-- Generated by org.testng.reporters.JUnitReportReporter -->
<testsuite hostname="DESKTOP-F52EDBA" failures="0" tests="3" name="testNG.DependsOnMethodsPracticeTest" time="0.017" errors="0" timestamp="2022-12-27T14:44:34 IST" skipped="0">
  <testcase classname="testNG.DependsOnMethodsPracticeTest" name="test1" time="0.012"/>
  <system-out>
    <![CDATA[test1]]>
  </system-out>
  <testcase classname="testNG.DependsOnMethodsPracticeTest" name="test3" time="0.002"/>
  <system-out>
    <![CDATA[test3]]>
  </system-out>
  <testcase classname="testNG.DependsOnMethodsPracticeTest" name="test2" time="0.003"/>
  <system-out>
    <![CDATA[test2]]>
  </system-out>
</testsuite> <!-- testNG.DependsOnMethodsPracticeTest -->
