<?xml version="1.0" encoding="UTF-8"?>
<!-- Generated by org.testng.reporters.JUnitReportReporter -->
<testsuite hostname="DESKTOP-F52EDBA" failures="0" tests="1" name="assertions.IfElseValidationTest" time="0.047" errors="0" timestamp="2022-12-29T14:54:11 IST" skipped="0">
  <testcase classname="assertions.IfElseValidationTest" name="demo" time="0.047"/>
  <system-out/>
</testsuite> <!-- assertions.IfElseValidationTest -->
