<?xml version="1.0" encoding="UTF-8"?>
<!-- Generated by org.testng.reporters.JUnitReportReporter -->
<testsuite hostname="DESKTOP-F52EDBA" failures="0" tests="1" name="synchronization.FluentWaitPractice" time="28.736" errors="0" timestamp="2022-12-17T15:52:57 IST" skipped="0">
  <testcase classname="synchronization.FluentWaitPractice" name="demo" time="28.736"/>
  <system-out/>
</testsuite> <!-- synchronization.FluentWaitPractice -->
