<?xml version="1.0" encoding="UTF-8"?>
<!-- Generated by org.testng.reporters.JUnitReportReporter -->
<testsuite hostname="DESKTOP-F52EDBA" failures="0" tests="1" name="javascriptExecutor.NavigateToApplication" time="6.642" errors="0" timestamp="2022-12-19T15:21:12 IST" skipped="0">
  <testcase classname="javascriptExecutor.NavigateToApplication" name="demo" time="6.642"/>
  <system-out/>
</testsuite> <!-- javascriptExecutor.NavigateToApplication -->
