<?xml version="1.0" encoding="UTF-8"?>
<!-- Generated by org.testng.reporters.JUnitReportReporter -->
<testsuite hostname="DESKTOP-F52EDBA" failures="0" tests="4" name="dataProvider.PracticeTest" time="0.027" errors="0" timestamp="2022-12-29T14:36:57 IST" skipped="0">
  <testcase classname="dataProvider.PracticeTest" name="demo" time="0.017"/>
  <system-out/>
  <testcase classname="dataProvider.PracticeTest" name="demo" time="0.002"/>
  <system-out/>
  <testcase classname="dataProvider.PracticeTest" name="demo" time="0.006"/>
  <system-out/>
  <testcase classname="dataProvider.PracticeTest" name="demo" time="0.002"/>
  <system-out/>
</testsuite> <!-- dataProvider.PracticeTest -->
