<?xml version="1.0" encoding="UTF-8"?>
<!-- Generated by org.testng.reporters.JUnitReportReporter -->
<testsuite hostname="DESKTOP-F52EDBA" failures="0" tests="1" name="groupExecution.ThirdTest" time="0.011" errors="0" timestamp="2022-12-27T15:59:20 IST" skipped="0">
  <testcase classname="groupExecution.ThirdTest" name="third2Test" time="0.011"/>
  <system-out>
    <![CDATA[Third2 test]]>
  </system-out>
</testsuite> <!-- groupExecution.ThirdTest -->
