<?xml version="1.0" encoding="UTF-8"?>
<!-- Generated by org.testng.reporters.JUnitReportReporter -->
<testsuite hostname="DESKTOP-F52EDBA" failures="0" tests="1" name="chromeoptions.HeadlessMode" time="18.148" errors="0" timestamp="2022-12-20T15:14:47 IST" skipped="0">
  <testcase classname="chromeoptions.HeadlessMode" name="demo" time="18.148"/>
  <system-out/>
</testsuite> <!-- chromeoptions.HeadlessMode -->
