<?xml version="1.0" encoding="UTF-8"?>
<!-- Generated by org.testng.reporters.JUnitReportReporter -->
<testsuite hostname="DESKTOP-F52EDBA" failures="0" tests="2" name="groupExecution.FirstTest" time="0.004" errors="0" timestamp="2022-12-27T15:59:20 IST" skipped="0">
  <testcase classname="groupExecution.FirstTest" name="first2Test" time="0.002"/>
  <system-out>
    <![CDATA[First2 test]]>
  </system-out>
  <testcase classname="groupExecution.FirstTest" name="first3Test" time="0.002"/>
  <system-out>
    <![CDATA[First3 test]]>
  </system-out>
</testsuite> <!-- groupExecution.FirstTest -->
