<?xml version="1.0" encoding="UTF-8"?>
<!-- Generated by org.testng.reporters.JUnitReportReporter -->
<testsuite hostname="DESKTOP-F52EDBA" failures="0" tests="1" name="grid.GridPractice1Test" time="6.977" errors="0" timestamp="2023-01-31T06:50:34 IST" skipped="0">
  <testcase classname="grid.GridPractice1Test" name="gridPracticeTest" time="6.977"/>
  <system-out/>
</testsuite> <!-- grid.GridPractice1Test -->
