<?xml version="1.0" encoding="UTF-8"?>
<!-- Generated by org.testng.reporters.JUnitReportReporter -->
<testsuite hostname="DESKTOP-F52EDBA" failures="0" tests="1" name="gridpractice.PracticeTest" time="19.230" errors="0" timestamp="2023-02-01T21:45:41 IST" skipped="0">
  <testcase classname="gridpractice.PracticeTest" name="gridPracticeTest" time="19.230"/>
  <system-out/>
</testsuite> <!-- gridpractice.PracticeTest -->
