<?xml version="1.0" encoding="UTF-8"?>
<!-- Generated by org.testng.reporters.JUnitReportReporter -->
<testsuite hostname="DESKTOP-F52EDBA" failures="0" tests="6" name="testNG.PriorityPracticeTest" time="0.031" errors="0" timestamp="2022-12-26T15:55:44 IST" skipped="0">
  <testcase classname="testNG.PriorityPracticeTest" name="demo1" time="0.017"/>
  <system-out>
    <![CDATA[demo1]]>
  </system-out>
  <testcase classname="testNG.PriorityPracticeTest" name="demo5" time="0.002"/>
  <system-out>
    <![CDATA[demo5]]>
  </system-out>
  <testcase classname="testNG.PriorityPracticeTest" name="demo4" time="0.001"/>
  <system-out>
    <![CDATA[demo4]]>
  </system-out>
  <testcase classname="testNG.PriorityPracticeTest" name="demo2" time="0.002"/>
  <system-out>
    <![CDATA[demo2]]>
  </system-out>
  <testcase classname="testNG.PriorityPracticeTest" name="demo6" time="0.002"/>
  <system-out>
    <![CDATA[demo6]]>
  </system-out>
  <testcase classname="testNG.PriorityPracticeTest" name="demo3" time="0.007"/>
  <system-out>
    <![CDATA[demo3]]>
  </system-out>
</testsuite> <!-- testNG.PriorityPracticeTest -->
