<?xml version="1.0" encoding="UTF-8"?>
<!-- Generated by org.testng.reporters.JUnitReportReporter -->
<testsuite hostname="DESKTOP-F52EDBA" failures="0" tests="1" name="distributedParallel.SixthTest" time="0.001" errors="0" timestamp="2022-12-28T15:00:36 IST" skipped="0">
  <testcase classname="distributedParallel.SixthTest" name="sixthTest" time="0.001"/>
  <system-out>
    <![CDATA[Sixth test]]>
  </system-out>
</testsuite> <!-- distributedParallel.SixthTest -->
