<?xml version="1.0" encoding="UTF-8"?>
<!-- Generated by org.testng.reporters.JUnitReportReporter -->
<testsuite hostname="DESKTOP-F52EDBA" failures="0" tests="1" name="javascriptExecutor.HandlingDisabledElement" time="5.478" errors="0" timestamp="2023-01-11T06:58:09 IST" skipped="0">
  <testcase classname="javascriptExecutor.HandlingDisabledElement" name="demo" time="5.478"/>
  <system-out/>
</testsuite> <!-- javascriptExecutor.HandlingDisabledElement -->
