<?xml version="1.0" encoding="UTF-8"?>
<!-- Generated by org.testng.reporters.JUnitReportReporter -->
<testsuite hostname="DESKTOP-F52EDBA" failures="0" tests="1" name="batchExecution.FourthTest" time="0.003" errors="0" timestamp="2022-12-27T15:07:14 IST" skipped="0">
  <testcase classname="batchExecution.FourthTest" name="fourthTest" time="0.003"/>
  <system-out>
    <![CDATA[Fourth test]]>
  </system-out>
</testsuite> <!-- batchExecution.FourthTest -->
