<?xml version="1.0" encoding="UTF-8"?>
<!-- Generated by org.testng.reporters.JUnitReportReporter -->
<testsuite hostname="DESKTOP-F52EDBA" failures="0" tests="1" name="listeners.FourthTest" time="0.004" errors="0" timestamp="2022-12-30T15:12:38 IST" skipped="0">
  <testcase classname="listeners.FourthTest" name="fourthTest" time="0.004"/>
  <system-out>
    <![CDATA[Fourth test]]>
  </system-out>
</testsuite> <!-- listeners.FourthTest -->
