<?xml version="1.0" encoding="UTF-8"?>
<!-- Generated by org.testng.reporters.JUnitReportReporter -->
<testsuite hostname="DESKTOP-F52EDBA" failures="0" tests="1" name="javascriptExecutor.PassDataAndClickElement" time="18.899" errors="0" timestamp="2022-12-19T15:47:14 IST" skipped="0">
  <testcase classname="javascriptExecutor.PassDataAndClickElement" name="demo" time="18.899"/>
  <system-out/>
</testsuite> <!-- javascriptExecutor.PassDataAndClickElement -->
