<?xml version="1.0" encoding="UTF-8"?>
<!-- Generated by org.testng.reporters.JUnitReportReporter -->
<testsuite hostname="DESKTOP-F52EDBA" failures="0" tests="1" name="javascriptExecutor.ScrollUsingHardcodedCoordinates" time="10.978" errors="0" timestamp="2022-12-19T14:54:56 IST" skipped="0">
  <testcase classname="javascriptExecutor.ScrollUsingHardcodedCoordinates" name="scrollDemo" time="10.978"/>
  <system-out/>
</testsuite> <!-- javascriptExecutor.ScrollUsingHardcodedCoordinates -->
