<?xml version="1.0" encoding="UTF-8"?>
<!-- Generated by org.testng.reporters.JUnitReportReporter -->
<testsuite hostname="DESKTOP-F52EDBA" failures="0" tests="1" name="javascriptExecutor.ScrollTillElement" time="17.854" errors="0" timestamp="2022-12-19T15:05:19 IST" skipped="0">
  <testcase classname="javascriptExecutor.ScrollTillElement" name="demo" time="17.854"/>
  <system-out/>
</testsuite> <!-- javascriptExecutor.ScrollTillElement -->
