<?xml version="1.0" encoding="UTF-8"?>
<!-- Generated by org.testng.reporters.JUnitReportReporter -->
<testsuite hostname="DESKTOP-F52EDBA" failures="0" tests="2" name="grid.GridPractice2Test" time="25.794" errors="0" timestamp="2023-02-01T15:30:24 IST" skipped="0">
  <testcase classname="grid.GridPractice2Test" name="firstTest" time="12.282"/>
  <system-out/>
  <testcase classname="grid.GridPractice2Test" name="firstTest" time="13.512"/>
  <system-out/>
</testsuite> <!-- grid.GridPractice2Test -->
