<?xml version="1.0" encoding="UTF-8"?>
<!-- Generated by org.testng.reporters.JUnitReportReporter -->
<testsuite hostname="DESKTOP-F52EDBA" failures="0" tests="1" name="chromeoptions.DisableNotifications" time="22.545" errors="0" timestamp="2022-12-20T15:22:48 IST" skipped="0">
  <testcase classname="chromeoptions.DisableNotifications" name="demo" time="22.545"/>
  <system-out/>
</testsuite> <!-- chromeoptions.DisableNotifications -->
