<?xml version="1.0" encoding="UTF-8"?>
<!-- Generated by org.testng.reporters.JUnitReportReporter -->
<testsuite hostname="DESKTOP-F52EDBA" failures="0" tests="2" name="gridpractice.CrossBrowserTest" time="10.649" errors="0" timestamp="2023-02-01T21:38:47 IST" skipped="0">
  <testcase classname="gridpractice.CrossBrowserTest" name="test" time="5.931"/>
  <system-out/>
  <testcase classname="gridpractice.CrossBrowserTest" name="test" time="4.718"/>
  <system-out/>
</testsuite> <!-- gridpractice.CrossBrowserTest -->
