<?xml version="1.0" encoding="UTF-8"?>
<!-- Generated by org.testng.reporters.JUnitReportReporter -->
<testsuite hostname="DESKTOP-F52EDBA" failures="0" tests="2" name="testNG.SecondTest" time="0.013" errors="0" timestamp="2022-12-26T15:20:41 IST" skipped="0">
  <testcase classname="testNG.SecondTest" name="second2Test" time="0.007"/>
  <system-out/>
  <testcase classname="testNG.SecondTest" name="second1Test" time="0.006"/>
  <system-out/>
</testsuite> <!-- testNG.SecondTest -->
