<?xml version="1.0" encoding="UTF-8"?>
<!-- Generated by org.testng.reporters.JUnitReportReporter -->
<testsuite hostname="DESKTOP-F52EDBA" failures="0" tests="3" name="crossBrowserParallel.Test2" time="31.255" errors="0" timestamp="2022-12-28T15:50:48 IST" skipped="0">
  <testcase classname="crossBrowserParallel.Test2" name="demo" time="6.840"/>
  <system-out/>
  <testcase classname="crossBrowserParallel.Test2" name="demo" time="10.011"/>
  <system-out/>
  <testcase classname="crossBrowserParallel.Test2" name="demo" time="14.404"/>
  <system-out/>
</testsuite> <!-- crossBrowserParallel.Test2 -->
