<?xml version="1.0" encoding="UTF-8"?>
<!-- Generated by org.testng.reporters.JUnitReportReporter -->
<testsuite hostname="DESKTOP-F52EDBA" failures="0" tests="3" name="crossBrowserParallel.Test1" time="63.766" errors="0" timestamp="2022-12-28T15:50:48 IST" skipped="0">
  <testcase classname="crossBrowserParallel.Test1" name="demo" time="25.432"/>
  <system-out/>
  <testcase classname="crossBrowserParallel.Test1" name="demo" time="16.551"/>
  <system-out/>
  <testcase classname="crossBrowserParallel.Test1" name="demo" time="21.783"/>
  <system-out/>
</testsuite> <!-- crossBrowserParallel.Test1 -->
