<?xml version="1.0" encoding="UTF-8"?>
<!-- Generated by org.testng.reporters.JUnitReportReporter -->
<testsuite hostname="DESKTOP-F52EDBA" failures="0" tests="1" name="chromeoptions.MaximizeBrowser" time="23.182" errors="0" timestamp="2022-12-20T15:00:42 IST" skipped="0">
  <testcase classname="chromeoptions.MaximizeBrowser" name="demo" time="23.182"/>
  <system-out/>
</testsuite> <!-- chromeoptions.MaximizeBrowser -->
