<?xml version="1.0" encoding="UTF-8"?>
<!-- Generated by org.testng.reporters.JUnitReportReporter -->
<testsuite hostname="DESKTOP-F52EDBA" failures="0" tests="1" name="seleniumGrid.Practice1" time="15.637" errors="0" timestamp="2023-01-13T16:27:03 IST" skipped="0">
  <testcase classname="seleniumGrid.Practice1" name="demo" time="15.637"/>
  <system-out/>
</testsuite> <!-- seleniumGrid.Practice1 -->
