<?xml version="1.0" encoding="UTF-8"?>
<!-- Generated by org.testng.reporters.JUnitReportReporter -->
<testsuite hostname="DESKTOP-F52EDBA" failures="0" tests="2" name="testNG.FirstTest" time="0.037" errors="0" timestamp="2022-12-26T15:20:41 IST" skipped="0">
  <testcase classname="testNG.FirstTest" name="first1Test" time="0.032"/>
  <system-out/>
  <testcase classname="testNG.FirstTest" name="first2Test" time="0.005"/>
  <system-out/>
</testsuite> <!-- testNG.FirstTest -->
