<?xml version="1.0" encoding="UTF-8"?>
<!-- Generated by org.testng.reporters.JUnitReportReporter -->
<testsuite hostname="DESKTOP-F52EDBA" failures="0" tests="1" name="mavenCMDPractice.MavenCMDParametersTest" time="9.315" errors="0" timestamp="2023-01-05T16:23:47 IST" skipped="0">
  <testcase classname="mavenCMDPractice.MavenCMDParametersTest" name="vtigerLoginTest" time="9.315"/>
  <system-out/>
</testsuite> <!-- mavenCMDPractice.MavenCMDParametersTest -->
