<?xml version="1.0" encoding="UTF-8"?>
<!-- Generated by org.testng.reporters.JUnitReportReporter -->
<testsuite hostname="DESKTOP-F52EDBA" failures="0" tests="1" name="xmlFile.FirstTest" time="74.530" errors="0" timestamp="2022-12-17T14:25:19 IST" skipped="0">
  <testcase classname="xmlFile.FirstTest" name="demo" time="74.530"/>
  <system-out/>
</testsuite> <!-- xmlFile.FirstTest -->
