<?xml version="1.0" encoding="UTF-8"?>
<!-- Generated by org.testng.reporters.JUnitReportReporter -->
<testsuite hostname="DESKTOP-F52EDBA" failures="0" tests="1" name="chromeoptions.RemoveAutomationMsgBar" time="56.679" errors="0" timestamp="2022-12-20T15:26:35 IST" skipped="0">
  <testcase classname="chromeoptions.RemoveAutomationMsgBar" name="demo" time="56.679"/>
  <system-out/>
</testsuite> <!-- chromeoptions.RemoveAutomationMsgBar -->
