<?xml version="1.0" encoding="UTF-8"?>
<!-- Generated by org.testng.reporters.JUnitReportReporter -->
<testsuite hostname="DESKTOP-F52EDBA" failures="0" tests="1" name="javascriptExecutor.ScrollTillLocation" time="13.080" errors="0" timestamp="2022-12-19T15:01:53 IST" skipped="0">
  <testcase classname="javascriptExecutor.ScrollTillLocation" name="demo" time="13.080"/>
  <system-out/>
</testsuite> <!-- javascriptExecutor.ScrollTillLocation -->
