<?xml version="1.0" encoding="UTF-8"?>
<!-- Generated by org.testng.reporters.JUnitReportReporter -->
<testsuite hostname="DESKTOP-F52EDBA" failures="0" tests="6" name="testNG.InvocationCountPracticeTest" time="0.037" errors="0" timestamp="2022-12-27T14:23:02 IST" skipped="0">
  <testcase classname="testNG.InvocationCountPracticeTest" name="demo1" time="0.019"/>
  <system-out>
    <![CDATA[demo1]]>
  </system-out>
  <testcase classname="testNG.InvocationCountPracticeTest" name="demo3" time="0.002"/>
  <system-out>
    <![CDATA[demo3]]>
  </system-out>
  <testcase classname="testNG.InvocationCountPracticeTest" name="demo1" time="0.003"/>
  <system-out>
    <![CDATA[demo1]]>
  </system-out>
  <testcase classname="testNG.InvocationCountPracticeTest" name="demo3" time="0.001"/>
  <system-out>
    <![CDATA[demo3]]>
  </system-out>
  <testcase classname="testNG.InvocationCountPracticeTest" name="demo3" time="0.008"/>
  <system-out>
    <![CDATA[demo3]]>
  </system-out>
  <testcase classname="testNG.InvocationCountPracticeTest" name="demo4" time="0.004"/>
  <system-out>
    <![CDATA[demo4]]>
  </system-out>
</testsuite> <!-- testNG.InvocationCountPracticeTest -->
