<?xml version="1.0" encoding="UTF-8"?>
<!-- Generated by org.testng.reporters.JUnitReportReporter -->
<testsuite hostname="DESKTOP-F52EDBA" failures="0" tests="1" name="groupExecution.SecondTest" time="0.002" errors="0" timestamp="2022-12-27T15:59:20 IST" skipped="0">
  <testcase classname="groupExecution.SecondTest" name="second2Test" time="0.002"/>
  <system-out>
    <![CDATA[Second2 test]]>
  </system-out>
</testsuite> <!-- groupExecution.SecondTest -->
