<?xml version="1.0" encoding="UTF-8"?>
<!-- Generated by org.testng.reporters.JUnitReportReporter -->
<testsuite hostname="DESKTOP-F52EDBA" failures="0" tests="1" name="chromeoptions.IncognitoMode" time="21.883" errors="0" timestamp="2022-12-20T15:16:53 IST" skipped="0">
  <testcase classname="chromeoptions.IncognitoMode" name="demo" time="21.883"/>
  <system-out/>
</testsuite> <!-- chromeoptions.IncognitoMode -->
