<?xml version="1.0" encoding="UTF-8"?>
<!-- Generated by org.testng.reporters.JUnitReportReporter -->
<testsuite hostname="DESKTOP-F52EDBA" failures="0" tests="1" name="synchronization.CustomWaitPractice" time="33.461" errors="0" timestamp="2022-12-19T14:22:36 IST" skipped="0">
  <testcase classname="synchronization.CustomWaitPractice" name="demo" time="33.461"/>
  <system-out/>
</testsuite> <!-- synchronization.CustomWaitPractice -->
